[Info] Loading parameters of NNnet
fc1.0.weight 	 torch.Size([64, 2592])
fc1.0.bias 	 torch.Size([64])
fc2.0.weight 	 torch.Size([16, 64])
fc2.0.bias 	 torch.Size([16])
fc3.0.weight 	 torch.Size([4, 16])
fc3.0.bias 	 torch.Size([4])
----------------------------------------------------------------------------------
fc1.weight
 tensor([[-0.0180,  0.0101, -0.0195,  ..., -0.0035,  0.1546, -0.3082],
        [ 0.0108,  0.0156,  0.0155,  ..., -0.0049,  0.0110, -0.0199],
        [-0.0095,  0.0148,  0.0041,  ..., -0.0026, -0.0026, -0.0218],
        ...,
        [ 0.0083,  0.0144,  0.0109,  ..., -0.0027,  0.0136, -0.0089],
        [-0.0024,  0.0114,  0.0033,  ...,  0.0022, -0.0156,  0.0137],
        [-0.0072,  0.0048, -0.0074,  ...,  0.0061, -0.0016, -0.0138]])
fc1.bias
 tensor([-0.0673, -0.0161, -0.0172,  0.0019, -0.0011,  0.0486,  0.0049, -0.0171,
         0.0089, -0.0036,  0.0122,  0.1228, -0.0080,  0.0744, -0.0140, -0.0005,
         0.0108, -0.0034,  0.0026, -0.0055,  0.0031, -0.0153, -0.0048,  0.0129,
        -0.0226, -0.0119, -0.0006,  0.0004,  0.0104,  0.2095, -0.0033, -0.0079,
        -0.0084,  0.1496, -0.0107, -0.0241, -0.0828, -0.0165,  0.0171, -0.0037,
         0.0049, -0.0173,  0.0016, -0.0116, -0.0077,  0.0025, -0.0141, -0.0132,
        -0.0144, -0.0119, -0.0078,  0.1284,  0.1545,  0.0092, -0.0063,  0.0967,
         0.0018,  0.1586,  0.0155, -0.0111, -0.0170, -0.0143,  0.0118, -0.0009])
----------------------------------------------------------------------------------
fc2.weight
 tensor([[-0.1139, -0.1144,  0.0117,  ...,  0.0014, -0.0690, -0.0217],
        [-0.0592,  0.0386, -0.0964,  ..., -0.0254,  0.0077,  0.0241],
        [ 0.1622, -0.1247, -0.0081,  ...,  0.1224,  0.0422,  0.1062],
        ...,
        [ 0.1091,  0.1216, -0.0541,  ..., -0.0713, -0.1006, -0.0388],
        [-0.0305, -0.0181, -0.1104,  ...,  0.0825,  0.1218,  0.0487],
        [ 0.0545,  0.0550,  0.0082,  ..., -0.0925,  0.0507,  0.0637]])
fc2.bias
 tensor([ 0.0551, -0.0692, -0.2565, -0.1276, -0.0306, -0.1040, -0.0842, -0.2704,
         0.0058,  0.0097,  0.1292, -0.0353,  0.2030, -0.1173, -0.0327,  0.0392])
----------------------------------------------------------------------------------
fc3.weight
 tensor([[ 0.2812,  0.0052, -0.5410,  0.1759, -0.0702, -0.2472, -0.2133, -0.2880,
          0.2696, -0.2111,  0.1012, -0.0317,  0.0448, -0.1555,  0.2474, -0.2141],
        [ 0.1540,  0.1612,  0.3190, -0.1630,  0.0008, -0.0039, -0.0899,  0.2453,
          0.0783,  0.0942, -0.3143, -0.1141, -0.1618,  0.0651, -0.2050,  0.0379],
        [-0.0326, -0.0270,  0.1085, -0.1635,  0.2274,  0.2018, -0.0752,  0.3150,
         -0.2832,  0.2114,  0.1250,  0.4246, -0.1187,  0.2576, -0.1627,  0.0969],
        [-0.2388, -0.1744,  0.0529, -0.0102,  0.0178,  0.3277,  0.0344,  0.3081,
         -0.0963, -0.1438,  0.2137, -0.0155, -0.2607,  0.3383,  0.2394, -0.1001]])
fc3.bias
 tensor([ 0.0155,  0.0157, -0.0819, -0.2631])
[Info] The model information has been written in json/node3.json
