Start loading...
Read the pickle file of test set...
Read the pickle file of train set...
train_size: 400
test_size: 240
Start training...
The 1 round begin...
Epoch [1/20], Loss: 1.1014
Epoch [2/20], Loss: 1.1667
Epoch [3/20], Loss: 1.4081
Epoch [4/20], Loss: 1.1421
Epoch [5/20], Loss: 1.0866
Epoch [6/20], Loss: 1.0544
Epoch [7/20], Loss: 0.9782
Epoch [8/20], Loss: 1.2239
Epoch [9/20], Loss: 1.0751
Epoch [10/20], Loss: 1.1055
Epoch [11/20], Loss: 1.1266
Epoch [12/20], Loss: 1.1398
Epoch [13/20], Loss: 1.3077
Epoch [14/20], Loss: 1.2636
Epoch [15/20], Loss: 1.2931
Epoch [16/20], Loss: 1.0806
Epoch [17/20], Loss: 1.1045
Epoch [18/20], Loss: 1.2142
Epoch [19/20], Loss: 1.1580
Epoch [20/20], Loss: 1.1974
The accuracy of total 240 images: 44.5833%
The 2 round begin...
Epoch [1/20], Loss: 1.3413
Epoch [2/20], Loss: 1.1498
Epoch [3/20], Loss: 1.3558
Epoch [4/20], Loss: 1.1980
Epoch [5/20], Loss: 1.1965
Epoch [6/20], Loss: 1.0653
Epoch [7/20], Loss: 1.0424
Epoch [8/20], Loss: 0.9871
Epoch [9/20], Loss: 0.9709
Epoch [10/20], Loss: 1.6902
Epoch [11/20], Loss: 1.1814
Epoch [12/20], Loss: 1.2630
Epoch [13/20], Loss: 1.2413
Epoch [14/20], Loss: 1.0079
Epoch [15/20], Loss: 1.1219
Epoch [16/20], Loss: 1.0120
Epoch [17/20], Loss: 1.0740
Epoch [18/20], Loss: 1.2381
Epoch [19/20], Loss: 1.2025
Epoch [20/20], Loss: 1.0990
The accuracy of total 240 images: 43.7500%
The 3 round begin...
Epoch [1/20], Loss: 1.3542
Epoch [2/20], Loss: 1.2753
Epoch [3/20], Loss: 1.5197
Epoch [4/20], Loss: 1.1091
Epoch [5/20], Loss: 0.8490
Epoch [6/20], Loss: 0.9780
Epoch [7/20], Loss: 1.1234
Epoch [8/20], Loss: 0.9351
Epoch [9/20], Loss: 1.0600
Epoch [10/20], Loss: 1.0408
Epoch [11/20], Loss: 1.0939
Epoch [12/20], Loss: 1.0000
Epoch [13/20], Loss: 1.1745
Epoch [14/20], Loss: 1.1986
Epoch [15/20], Loss: 1.2722
Epoch [16/20], Loss: 1.0117
Epoch [17/20], Loss: 1.1862
Epoch [18/20], Loss: 0.8983
Epoch [19/20], Loss: 1.1660
Epoch [20/20], Loss: 1.0538
The accuracy of total 240 images: 42.5000%
The 4 round begin...
Epoch [1/20], Loss: 0.9019
Epoch [2/20], Loss: 1.3349
Epoch [3/20], Loss: 1.1045
Epoch [4/20], Loss: 1.0786
Epoch [5/20], Loss: 1.0004
Epoch [6/20], Loss: 1.0924
Epoch [7/20], Loss: 1.4011
Epoch [8/20], Loss: 1.3239
Epoch [9/20], Loss: 1.4389
Epoch [10/20], Loss: 1.1240
Epoch [11/20], Loss: 0.8910
Epoch [12/20], Loss: 0.9495
Epoch [13/20], Loss: 0.8361
Epoch [14/20], Loss: 0.8143
Epoch [15/20], Loss: 1.2871
Epoch [16/20], Loss: 0.9233
Epoch [17/20], Loss: 1.3150
Epoch [18/20], Loss: 1.2819
Epoch [19/20], Loss: 1.2112
Epoch [20/20], Loss: 1.4935
The accuracy of total 240 images: 40.8333%
The 5 round begin...
Epoch [1/20], Loss: 0.9916
Epoch [2/20], Loss: 1.1921
Epoch [3/20], Loss: 0.8498
Epoch [4/20], Loss: 0.9332
Epoch [5/20], Loss: 1.1947
Epoch [6/20], Loss: 1.1363
Epoch [7/20], Loss: 0.9343
Epoch [8/20], Loss: 1.0543
Epoch [9/20], Loss: 1.2554
Epoch [10/20], Loss: 0.9881
Epoch [11/20], Loss: 1.1954
Epoch [12/20], Loss: 1.2484
Epoch [13/20], Loss: 1.0044
Epoch [14/20], Loss: 1.2607
Epoch [15/20], Loss: 1.1261
Epoch [16/20], Loss: 1.0304
Epoch [17/20], Loss: 1.0138
Epoch [18/20], Loss: 1.1056
Epoch [19/20], Loss: 1.1101
Epoch [20/20], Loss: 1.2427
The accuracy of total 240 images: 41.6667%
The 6 round begin...
Epoch [1/20], Loss: 1.1050
Epoch [2/20], Loss: 0.8160
Epoch [3/20], Loss: 1.3260
Epoch [4/20], Loss: 1.1338
Epoch [5/20], Loss: 1.0964
Epoch [6/20], Loss: 1.0560
Epoch [7/20], Loss: 1.0277
Epoch [8/20], Loss: 1.0839
Epoch [9/20], Loss: 1.4873
Epoch [10/20], Loss: 0.8816
Epoch [11/20], Loss: 0.8820
Epoch [12/20], Loss: 1.1823
Epoch [13/20], Loss: 0.8556
Epoch [14/20], Loss: 1.2759
Epoch [15/20], Loss: 1.1869
Epoch [16/20], Loss: 0.9408
Epoch [17/20], Loss: 1.1614
Epoch [18/20], Loss: 0.7369
Epoch [19/20], Loss: 1.1913
Epoch [20/20], Loss: 0.8537
The accuracy of total 240 images: 40.0000%
The 7 round begin...
Epoch [1/20], Loss: 0.9573
Epoch [2/20], Loss: 0.9933
Epoch [3/20], Loss: 1.1807
Epoch [4/20], Loss: 1.3328
Epoch [5/20], Loss: 1.0454
Epoch [6/20], Loss: 1.0510
Epoch [7/20], Loss: 1.2555
Epoch [8/20], Loss: 1.2676
Epoch [9/20], Loss: 1.0432
Epoch [10/20], Loss: 0.8548
Epoch [11/20], Loss: 1.0559
Epoch [12/20], Loss: 0.8649
Epoch [13/20], Loss: 0.9093
Epoch [14/20], Loss: 1.0006
Epoch [15/20], Loss: 0.9836
Epoch [16/20], Loss: 1.1739
Epoch [17/20], Loss: 0.9193
Epoch [18/20], Loss: 0.7529
Epoch [19/20], Loss: 0.9437
Epoch [20/20], Loss: 1.0344
The accuracy of total 240 images: 42.5000%
The 8 round begin...
Epoch [1/20], Loss: 0.9681
Epoch [2/20], Loss: 1.1388
Epoch [3/20], Loss: 1.2852
Epoch [4/20], Loss: 1.0338
Epoch [5/20], Loss: 0.9008
Epoch [6/20], Loss: 0.9094
Epoch [7/20], Loss: 0.9904
Epoch [8/20], Loss: 1.0765
Epoch [9/20], Loss: 1.0414
Epoch [10/20], Loss: 1.0764
Epoch [11/20], Loss: 0.9894
Epoch [12/20], Loss: 1.3476
Epoch [13/20], Loss: 1.1147
Epoch [14/20], Loss: 0.9779
Epoch [15/20], Loss: 1.2059
Epoch [16/20], Loss: 1.1093
Epoch [17/20], Loss: 1.3588
Epoch [18/20], Loss: 1.1335
Epoch [19/20], Loss: 1.0178
Epoch [20/20], Loss: 0.8406
The accuracy of total 240 images: 42.9167%
The 9 round begin...
Epoch [1/20], Loss: 0.8972
Epoch [2/20], Loss: 0.8554
Epoch [3/20], Loss: 0.8910
Epoch [4/20], Loss: 1.1022
Epoch [5/20], Loss: 1.1808
Epoch [6/20], Loss: 0.8782
Epoch [7/20], Loss: 0.8439
Epoch [8/20], Loss: 0.7876
Epoch [9/20], Loss: 0.8827
Epoch [10/20], Loss: 0.6372
Epoch [11/20], Loss: 0.8858
Epoch [12/20], Loss: 0.8968
Epoch [13/20], Loss: 1.0728
Epoch [14/20], Loss: 0.7781
Epoch [15/20], Loss: 0.7520
Epoch [16/20], Loss: 1.1576
Epoch [17/20], Loss: 0.9187
Epoch [18/20], Loss: 0.8695
Epoch [19/20], Loss: 0.8356
Epoch [20/20], Loss: 1.1398
The accuracy of total 240 images: 40.0000%
The 10 round begin...
Epoch [1/20], Loss: 0.9073
Epoch [2/20], Loss: 1.0398
Epoch [3/20], Loss: 1.1119
Epoch [4/20], Loss: 1.0370
Epoch [5/20], Loss: 0.8651
Epoch [6/20], Loss: 1.0281
Epoch [7/20], Loss: 1.0480
Epoch [8/20], Loss: 0.7448
Epoch [9/20], Loss: 1.1849
Epoch [10/20], Loss: 1.1340
Epoch [11/20], Loss: 0.9999
Epoch [12/20], Loss: 1.0688
Epoch [13/20], Loss: 0.7506
Epoch [14/20], Loss: 1.0030
Epoch [15/20], Loss: 0.8632
Epoch [16/20], Loss: 0.9800
Epoch [17/20], Loss: 0.8622
Epoch [18/20], Loss: 0.7597
Epoch [19/20], Loss: 1.0392
Epoch [20/20], Loss: 1.1059
The accuracy of total 240 images: 40.0000%
